<?xml version="1.0" encoding="UTF-8"?>
<!-- Generated by org.testng.reporters.JUnitXMLReporter -->
<testsuite ignored="0" hostname="MacBook-Air.local" failures="0" tests="5" name="SmokeTest_TC1" time="55.394" errors="0" timestamp="2024-01-02T22:14:41 IST">
  <testcase classname="com.sevenrmartsupermarket.tests.LoginTest" name="verifyLogin" time="5.289"/>
  <testcase classname="com.sevenrmartsupermarket.tests.LoginTest" name="verifyLoginUsingExcel" time="3.836"/>
  <testcase classname="com.sevenrmartsupermarket.tests.PushNotificationsTest" name="verifyResetPushNotification" time="3.731"/>
  <testcase classname="com.sevenrmartsupermarket.tests.PushNotificationsTest" name="verifyResetPushNotificationValueEntered" time="4.089"/>
  <testcase classname="com.sevenrmartsupermarket.tests.PushNotificationsTest" name="verifySubmitPushNotification" time="4.439"/>
</testsuite> <!-- SmokeTest_TC1 -->
