<?xml version="1.0" encoding="UTF-8"?>
<!-- Generated by org.testng.reporters.JUnitXMLReporter -->
<testsuite ignored="0" hostname="MacBook-Air.local" failures="0" tests="3" name="EdgeTest" time="111.379" errors="0" timestamp="2024-01-02T22:31:56 IST">
  <testcase classname="com.sevenrmartsupermarket.tests.PushNotificationsTest" name="verifyResetPushNotification" time="6.486"/>
  <testcase classname="com.sevenrmartsupermarket.tests.PushNotificationsTest" name="verifyResetPushNotificationValueEntered" time="7.375"/>
  <testcase classname="com.sevenrmartsupermarket.tests.PushNotificationsTest" name="verifySubmitPushNotification" time="7.121"/>
</testsuite> <!-- EdgeTest -->
