<?xml version="1.0" encoding="UTF-8"?>
<!-- Generated by org.testng.reporters.JUnitXMLReporter -->
<testsuite ignored="0" hostname="MacBook-Air.local" failures="0" tests="3" name="FireFoxTest" time="3.665" errors="0" timestamp="2024-01-02T22:30:08 IST">
  <testcase classname="com.sevenrmartsupermarket.tests.PushNotificationsTest" name="verifyResetPushNotification" time="0.001">
    <skipped/>
  </testcase> <!-- verifyResetPushNotification -->
  <testcase classname="com.sevenrmartsupermarket.tests.PushNotificationsTest" name="verifyResetPushNotificationValueEntered" time="0.0">
    <skipped/>
  </testcase> <!-- verifyResetPushNotificationValueEntered -->
  <testcase classname="com.sevenrmartsupermarket.tests.PushNotificationsTest" name="verifySubmitPushNotification" time="0.0">
    <skipped/>
  </testcase> <!-- verifySubmitPushNotification -->
</testsuite> <!-- FireFoxTest -->
