<?xml version="1.0" encoding="UTF-8"?>
<!-- Generated by org.testng.reporters.JUnitXMLReporter -->
<testsuite ignored="1" hostname="MacBook-Air.local" failures="0" tests="1" name="Default test" time="79.914" errors="0" timestamp="2023-12-18T20:16:40 IST">
  <testcase classname="Tests.DatePickrTest" name="enterDate" time="70.676"/>
  <testcase classname="Tests.DatePickrTest" name="launchDatePicker" time="0.0">
    <ignored/>
  </testcase> <!-- launchDatePicker -->
</testsuite> <!-- Default test -->
