<?xml version="1.0" encoding="UTF-8"?>
<testng-results ignored="1" total="2" passed="1" failed="0" skipped="0">
  <reporter-output>
  </reporter-output>
  <suite started-at="2023-12-18T20:15:20 IST" name="Default suite" finished-at="2023-12-18T20:16:40 IST" duration-ms="79914">
    <groups>
    </groups>
    <test started-at="2023-12-18T20:15:20 IST" name="Default test" finished-at="2023-12-18T20:16:40 IST" duration-ms="79914">
      <class name="Tests.DatePickrTest">
        <test-method is-config="true" signature="launchBrowser()[pri:0, instance:Tests.DatePickrTest@5677323c]" started-at="2023-12-18T20:15:20 IST" name="launchBrowser" finished-at="2023-12-18T20:15:29 IST" duration-ms="8507" status="PASS">
          <reporter-output>
          </reporter-output>
        </test-method> <!-- launchBrowser -->
        <test-method signature="enterDate()[pri:0, instance:Tests.DatePickrTest@5677323c]" started-at="2023-12-18T20:15:29 IST" name="enterDate" finished-at="2023-12-18T20:16:40 IST" duration-ms="70676" status="PASS">
          <reporter-output>
          </reporter-output>
        </test-method> <!-- enterDate -->
        <test-method is-config="true" signature="closeBrowser()[pri:0, instance:Tests.DatePickrTest@5677323c]" started-at="2023-12-18T20:16:40 IST" name="closeBrowser" finished-at="2023-12-18T20:16:40 IST" duration-ms="597" status="PASS">
          <reporter-output>
          </reporter-output>
        </test-method> <!-- closeBrowser -->
      </class> <!-- Tests.DatePickrTest -->
    </test> <!-- Default test -->
  </suite> <!-- Default suite -->
</testng-results>
