<?xml version="1.0" encoding="UTF-8"?>
<testng-results ignored="2" total="5" passed="3" failed="0" skipped="0">
  <reporter-output>
  </reporter-output>
  <suite started-at="2024-01-04T21:33:58 IST" name="Default suite" finished-at="2024-01-04T21:34:40 IST" duration-ms="42540">
    <groups>
      <group name="smoke">
        <method signature="LoginTest.verifyLoginUsingDataProvider(java.lang.String,java.lang.String)[pri:0, instance:com.sevenrmartsupermarket.tests.LoginTest@1de85972]" name="verifyLoginUsingDataProvider" class="com.sevenrmartsupermarket.tests.LoginTest"/>
      </group> <!-- smoke -->
    </groups>
    <test started-at="2024-01-04T21:33:58 IST" name="Default test" finished-at="2024-01-04T21:34:40 IST" duration-ms="42540">
      <class name="com.sevenrmartsupermarket.tests.LoginTest">
        <test-method is-config="true" signature="launchBrowser()[pri:0, instance:com.sevenrmartsupermarket.tests.LoginTest@1de85972]" started-at="2024-01-04T21:33:58 IST" name="launchBrowser" finished-at="2024-01-04T21:34:14 IST" duration-ms="15352" status="PASS">
          <reporter-output>
          </reporter-output>
        </test-method> <!-- launchBrowser -->
        <test-method signature="verifyLoginUsingDataProvider(java.lang.String,java.lang.String)[pri:0, instance:com.sevenrmartsupermarket.tests.LoginTest@1de85972]" started-at="2024-01-04T21:34:14 IST" name="verifyLoginUsingDataProvider" data-provider="User credential_Excel" finished-at="2024-01-04T21:34:18 IST" duration-ms="3918" status="PASS">
          <params>
            <param index="0">
              <value>
                <![CDATA[admin]]>
              </value>
            </param>
            <param index="1">
              <value>
                <![CDATA[admin]]>
              </value>
            </param>
          </params>
          <reporter-output>
          </reporter-output>
        </test-method> <!-- verifyLoginUsingDataProvider -->
        <test-method is-config="true" signature="terminateSession(org.testng.ITestResult)[pri:0, instance:com.sevenrmartsupermarket.tests.LoginTest@1de85972]" started-at="2024-01-04T21:34:18 IST" name="terminateSession" finished-at="2024-01-04T21:34:18 IST" duration-ms="227" status="PASS">
          <params>
            <param index="0">
              <value>
                <![CDATA[[TestResult name=verifyLoginUsingDataProvider status=SUCCESS method=LoginTest.verifyLoginUsingDataProvider(java.lang.String,java.lang.String)[pri:0, instance:com.sevenrmartsupermarket.tests.LoginTest@1de85972] output={null}]]]>
              </value>
            </param>
          </params>
          <reporter-output>
          </reporter-output>
        </test-method> <!-- terminateSession -->
        <test-method is-config="true" signature="launchBrowser()[pri:0, instance:com.sevenrmartsupermarket.tests.LoginTest@1de85972]" started-at="2024-01-04T21:34:18 IST" name="launchBrowser" finished-at="2024-01-04T21:34:26 IST" duration-ms="8227" status="PASS">
          <reporter-output>
          </reporter-output>
        </test-method> <!-- launchBrowser -->
        <test-method signature="verifyLoginUsingDataProvider(java.lang.String,java.lang.String)[pri:0, instance:com.sevenrmartsupermarket.tests.LoginTest@1de85972]" started-at="2024-01-04T21:34:26 IST" name="verifyLoginUsingDataProvider" data-provider="User credential_Excel" finished-at="2024-01-04T21:34:30 IST" duration-ms="3510" status="PASS">
          <params>
            <param index="0">
              <value>
                <![CDATA[jithu]]>
              </value>
            </param>
            <param index="1">
              <value>
                <![CDATA[hghg]]>
              </value>
            </param>
          </params>
          <reporter-output>
          </reporter-output>
        </test-method> <!-- verifyLoginUsingDataProvider -->
        <test-method is-config="true" signature="terminateSession(org.testng.ITestResult)[pri:0, instance:com.sevenrmartsupermarket.tests.LoginTest@1de85972]" started-at="2024-01-04T21:34:30 IST" name="terminateSession" finished-at="2024-01-04T21:34:30 IST" duration-ms="177" status="PASS">
          <params>
            <param index="0">
              <value>
                <![CDATA[[TestResult name=verifyLoginUsingDataProvider status=SUCCESS method=LoginTest.verifyLoginUsingDataProvider(java.lang.String,java.lang.String)[pri:0, instance:com.sevenrmartsupermarket.tests.LoginTest@1de85972] output={null}]]]>
              </value>
            </param>
          </params>
          <reporter-output>
          </reporter-output>
        </test-method> <!-- terminateSession -->
        <test-method is-config="true" signature="launchBrowser()[pri:0, instance:com.sevenrmartsupermarket.tests.LoginTest@1de85972]" started-at="2024-01-04T21:34:30 IST" name="launchBrowser" finished-at="2024-01-04T21:34:37 IST" duration-ms="7230" status="PASS">
          <reporter-output>
          </reporter-output>
        </test-method> <!-- launchBrowser -->
        <test-method signature="verifyLoginUsingDataProvider(java.lang.String,java.lang.String)[pri:0, instance:com.sevenrmartsupermarket.tests.LoginTest@1de85972]" started-at="2024-01-04T21:34:37 IST" name="verifyLoginUsingDataProvider" data-provider="User credential_Excel" finished-at="2024-01-04T21:34:40 IST" duration-ms="2883" status="PASS">
          <params>
            <param index="0">
              <value>
                <![CDATA[ushh]]>
              </value>
            </param>
            <param index="1">
              <value>
                <![CDATA[ ussp]]>
              </value>
            </param>
          </params>
          <reporter-output>
          </reporter-output>
        </test-method> <!-- verifyLoginUsingDataProvider -->
        <test-method is-config="true" signature="terminateSession(org.testng.ITestResult)[pri:0, instance:com.sevenrmartsupermarket.tests.LoginTest@1de85972]" started-at="2024-01-04T21:34:40 IST" name="terminateSession" finished-at="2024-01-04T21:34:40 IST" duration-ms="133" status="PASS">
          <params>
            <param index="0">
              <value>
                <![CDATA[[TestResult name=verifyLoginUsingDataProvider status=SUCCESS method=LoginTest.verifyLoginUsingDataProvider(java.lang.String,java.lang.String)[pri:0, instance:com.sevenrmartsupermarket.tests.LoginTest@1de85972] output={null}]]]>
              </value>
            </param>
          </params>
          <reporter-output>
          </reporter-output>
        </test-method> <!-- terminateSession -->
      </class> <!-- com.sevenrmartsupermarket.tests.LoginTest -->
    </test> <!-- Default test -->
  </suite> <!-- Default suite -->
</testng-results>
